15:01:57.570 [main] INFO  ninja.utils.NinjaModeHelper - Ninja is running in mode dev
15:01:57.974 [NinjaJetty] INFO  org.eclipse.jetty.util.log - Logging initialized @1472ms
15:01:58.137 [NinjaJetty] WARN  o.e.j.server.handler.ContextHandler - Empty contextPath
15:01:58.174 [NinjaJetty] INFO  ninja.standalone.NinjaJetty - Trying to start jetty v9.3.11.v20160721 on <all>:8090
15:01:58.177 [NinjaJetty] INFO  org.eclipse.jetty.server.Server - jetty-9.3.11.v20160721
15:01:58.438 [NinjaJetty] INFO  ninja.Bootstrap - Successfully configured Logback.
15:01:58.457 [NinjaJetty] INFO  ninja.Bootstrap - Enabling Ninja classic configuration
15:02:01.211 [NinjaJetty] INFO  ninja.cache.CacheProvider - Using ninja.cache.CacheEhCacheImpl as implementation for ninja.cache.Cache
15:02:01.515 [NinjaJetty] INFO  ninja.utils.SwissKnife - Could not load file conf/messages_de_DE.properties (not a bad thing necessarily, but I am returing null)
15:02:01.515 [NinjaJetty] INFO  ninja.i18n.MessagesImpl - Did not find conf/messages_de_DE.properties but it was specified in application.conf. Using default language instead.
15:02:01.516 [NinjaJetty] INFO  ninja.utils.SwissKnife - Could not load file conf/messages_en_GB.properties (not a bad thing necessarily, but I am returing null)
15:02:01.517 [NinjaJetty] INFO  ninja.i18n.MessagesImpl - Did not find conf/messages_en_GB.properties but it was specified in application.conf. Using default language instead.
15:02:01.677 [NinjaJetty] INFO  n.template.TemplateEngineManagerImpl - -------------------------------------------------------------------
15:02:01.678 [NinjaJetty] INFO  n.template.TemplateEngineManagerImpl - Registered response template engines
15:02:01.679 [NinjaJetty] INFO  n.template.TemplateEngineManagerImpl - -------------------------------------------------------------------
15:02:01.682 [NinjaJetty] INFO  n.template.TemplateEngineManagerImpl - application/javascript  =>  ninja.template.TemplateEngineJsonP
15:02:01.682 [NinjaJetty] INFO  n.template.TemplateEngineManagerImpl - application/json        =>  ninja.template.TemplateEngineJson
15:02:01.683 [NinjaJetty] INFO  n.template.TemplateEngineManagerImpl - application/xml         =>  ninja.template.TemplateEngineXml
15:02:01.683 [NinjaJetty] INFO  n.template.TemplateEngineManagerImpl - text/html               =>  ninja.template.TemplateEngineFreemarker
15:02:01.685 [NinjaJetty] INFO  n.template.TemplateEngineManagerImpl - text/plain              =>  ninja.template.TemplateEngineText
15:02:01.713 [NinjaJetty] INFO  n.b.BodyParserEngineManagerImpl - ----------------------------------------------------------------------------
15:02:01.714 [NinjaJetty] INFO  n.b.BodyParserEngineManagerImpl - Registered request bodyparser engines
15:02:01.715 [NinjaJetty] INFO  n.b.BodyParserEngineManagerImpl - ----------------------------------------------------------------------------
15:02:01.721 [NinjaJetty] INFO  n.b.BodyParserEngineManagerImpl - application/json                   =>  ninja.bodyparser.BodyParserEngineJson
15:02:01.722 [NinjaJetty] INFO  n.b.BodyParserEngineManagerImpl - application/x-www-form-urlencoded  =>  ninja.bodyparser.BodyParserEnginePost
15:02:01.724 [NinjaJetty] INFO  n.b.BodyParserEngineManagerImpl - application/xml                    =>  ninja.bodyparser.BodyParserEngineXml
15:02:01.733 [NinjaJetty] INFO  ninja.Bootstrap - Ninja injector started in 3270 ms.
15:02:01.880 [NinjaJetty] WARN  ninja.params.ControllerMethodInvoker - Using deprecated non-strict mode for injection of parameters into controller (ninja.strict_argument_extractors = false). This mode will soon be removed from Ninja. Make sure you upgrade your application as soon as possible. More: http://www.ninjaframework.org/documentation/basic_concepts/controllers.html 'A note about null and Optional'.
15:02:02.341 [NinjaJetty] INFO  ninja.RouterImpl - ------------------------------------------------------------------------------------------------------------------------------
15:02:02.342 [NinjaJetty] INFO  ninja.RouterImpl - Registered routes
15:02:02.343 [NinjaJetty] INFO  ninja.RouterImpl - ------------------------------------------------------------------------------------------------------------------------------
15:02:02.343 [NinjaJetty] INFO  ninja.RouterImpl - GET  /                                             =>  controllers.ApplicationController.index()
15:02:02.344 [NinjaJetty] INFO  ninja.RouterImpl - GET  /superbowl                                    =>  controllers.ApplicationController.index()
15:02:02.344 [NinjaJetty] INFO  ninja.RouterImpl - GET  /exhibitions                                  =>  controllers.ApplicationController.exhibitions()
15:02:02.345 [NinjaJetty] INFO  ninja.RouterImpl - GET  /events                                       =>  controllers.ApplicationController.events()
15:02:02.345 [NinjaJetty] INFO  ninja.RouterImpl - GET  /news                                         =>  controllers.ApplicationController.news()
15:02:02.345 [NinjaJetty] INFO  ninja.RouterImpl - GET  /partners                                     =>  controllers.ApplicationController.partners()
15:02:02.345 [NinjaJetty] INFO  ninja.RouterImpl - GET  /profile                                      =>  controllers.ApplicationController.profile()
15:02:02.346 [NinjaJetty] INFO  ninja.RouterImpl - GET  /roadmap                                      =>  controllers.ApplicationController.roadmap()
15:02:02.347 [NinjaJetty] INFO  ninja.RouterImpl - GET  /settings                                     =>  controllers.ApplicationController.settings()
15:02:02.347 [NinjaJetty] INFO  ninja.RouterImpl - GET  /software                                     =>  controllers.ApplicationController.software()
15:02:02.348 [NinjaJetty] INFO  ninja.RouterImpl - GET  /specification                                =>  controllers.ApplicationController.specification()
15:02:02.348 [NinjaJetty] INFO  ninja.RouterImpl - GET  /login                                        =>  controllers.ApplicationController.login()
15:02:02.348 [NinjaJetty] INFO  ninja.RouterImpl - GET  /superbowl/exhibitions                        =>  controllers.ApplicationController.exhibitions()
15:02:02.348 [NinjaJetty] INFO  ninja.RouterImpl - GET  /superbowl/events                             =>  controllers.ApplicationController.events()
15:02:02.349 [NinjaJetty] INFO  ninja.RouterImpl - GET  /superbowl/news                               =>  controllers.ApplicationController.news()
15:02:02.349 [NinjaJetty] INFO  ninja.RouterImpl - GET  /superbowl/partners                           =>  controllers.ApplicationController.partners()
15:02:02.349 [NinjaJetty] INFO  ninja.RouterImpl - GET  /superbowl/profile                            =>  controllers.ApplicationController.profile()
15:02:02.349 [NinjaJetty] INFO  ninja.RouterImpl - GET  /superbowl/roadmap                            =>  controllers.ApplicationController.roadmap()
15:02:02.350 [NinjaJetty] INFO  ninja.RouterImpl - GET  /superbowl/settings                           =>  controllers.ApplicationController.settings()
15:02:02.350 [NinjaJetty] INFO  ninja.RouterImpl - GET  /superbowl/software                           =>  controllers.ApplicationController.software()
15:02:02.350 [NinjaJetty] INFO  ninja.RouterImpl - GET  /superbowl/specification                      =>  controllers.ApplicationController.specification()
15:02:02.350 [NinjaJetty] INFO  ninja.RouterImpl - GET  /superbowl/login                              =>  controllers.ApplicationController.login()
15:02:02.351 [NinjaJetty] INFO  ninja.RouterImpl - GET  /botanicSystem                                =>  controllers.BotanicSystemController.list()
15:02:02.351 [NinjaJetty] INFO  ninja.RouterImpl - GET  /registerBotanicSystem                        =>  controllers.BotanicSystemController.registerBotanicSystem()
15:02:02.351 [NinjaJetty] INFO  ninja.RouterImpl - POST /registerBotanicSystem                        =>  controllers.BotanicSystemController.registerBotanicSystem()
15:02:02.351 [NinjaJetty] INFO  ninja.RouterImpl - POST /registerBotanicSystemConfirmation            =>  controllers.BotanicSystemController.registerBotanicSystemConfirmation()
15:02:02.352 [NinjaJetty] INFO  ninja.RouterImpl - POST /registerBotanicSystemCompletion              =>  controllers.BotanicSystemController.registerBotanicSystemCompletion()
15:02:02.352 [NinjaJetty] INFO  ninja.RouterImpl - GET  /superbowl/botanicSystem                      =>  controllers.BotanicSystemController.list()
15:02:02.358 [NinjaJetty] INFO  ninja.RouterImpl - GET  /superbowl/registerBotanicSystem              =>  controllers.BotanicSystemController.registerBotanicSystem()
15:02:02.358 [NinjaJetty] INFO  ninja.RouterImpl - POST /superbowl/registerBotanicSystem              =>  controllers.BotanicSystemController.registerBotanicSystem()
15:02:02.358 [NinjaJetty] INFO  ninja.RouterImpl - POST /superbowl/registerBotanicSystemConfirmation  =>  controllers.BotanicSystemController.registerBotanicSystemConfirmation()
15:02:02.359 [NinjaJetty] INFO  ninja.RouterImpl - POST /superbowl/registerBotanicSystemCompletion    =>  controllers.BotanicSystemController.registerBotanicSystemCompletion()
15:02:02.361 [NinjaJetty] INFO  ninja.RouterImpl - GET  /bowl                                         =>  controllers.AbstractBowlController.listBowl()
15:02:02.363 [NinjaJetty] INFO  ninja.RouterImpl - GET  /portfolioBowl                                =>  controllers.BowlController.portfolioBowl()
15:02:02.363 [NinjaJetty] INFO  ninja.RouterImpl - GET  /editBowl                                     =>  controllers.BowlController.editBowl()
15:02:02.363 [NinjaJetty] INFO  ninja.RouterImpl - GET  /editBowlByStatusCode                         =>  controllers.BowlController.editBowl()
15:02:02.364 [NinjaJetty] INFO  ninja.RouterImpl - POST /editBowlConfirmation                         =>  controllers.BowlController.editBowlConfirmation()
15:02:02.365 [NinjaJetty] INFO  ninja.RouterImpl - POST /editBowlCompletion                           =>  controllers.BowlController.editBowlCompletion()
15:02:02.365 [NinjaJetty] INFO  ninja.RouterImpl - GET  /updateBowl                                   =>  controllers.BowlController.updateBowl()
15:02:02.365 [NinjaJetty] INFO  ninja.RouterImpl - POST /updateBowlConfirmation                       =>  controllers.BowlController.updateBowlConfirmation()
15:02:02.366 [NinjaJetty] INFO  ninja.RouterImpl - POST /updateBowlCompletion                         =>  controllers.BowlController.updateBowlCompletion()
15:02:02.366 [NinjaJetty] INFO  ninja.RouterImpl - GET  /modifyBowl                                   =>  controllers.BowlController.modifyBowl()
15:02:02.366 [NinjaJetty] INFO  ninja.RouterImpl - GET  /registerBowl                                 =>  controllers.BowlController.registerBowl()
15:02:02.366 [NinjaJetty] INFO  ninja.RouterImpl - POST /registerBowl                                 =>  controllers.BowlController.registerBowl()
15:02:02.367 [NinjaJetty] INFO  ninja.RouterImpl - GET  /registerBowlByGeoRegionCode                  =>  controllers.BowlController.registerBowlByGeoRegionCode()
15:02:02.367 [NinjaJetty] INFO  ninja.RouterImpl - GET  /registerBowlByManufactureYear                =>  controllers.BowlController.registerBowlByManufactureYear()
15:02:02.377 [NinjaJetty] INFO  ninja.RouterImpl - GET  /registerBowlByStatusCode                     =>  controllers.BowlController.registerBowlByStatusCode()
15:02:02.378 [NinjaJetty] INFO  ninja.RouterImpl - GET  /registerBowlByTimberCode                     =>  controllers.BowlController.registerBowlByTimberCode()
15:02:02.379 [NinjaJetty] INFO  ninja.RouterImpl - POST /registerBowlConfirmation                     =>  controllers.BowlController.registerBowlConfirmation()
15:02:02.380 [NinjaJetty] INFO  ninja.RouterImpl - POST /registerBowlCompletion                       =>  controllers.BowlController.registerBowlCompletion()
15:02:02.380 [NinjaJetty] INFO  ninja.RouterImpl - GET  /registerBowlMod                              =>  controllers.BowlController.registerBowlMod()
15:02:02.380 [NinjaJetty] INFO  ninja.RouterImpl - POST /registerBowlMod                              =>  controllers.BowlController.registerBowlMod()
15:02:02.380 [NinjaJetty] INFO  ninja.RouterImpl - POST /registerBowlModConfirmation                  =>  controllers.BowlController.registerBowlModConfirmation()
15:02:02.381 [NinjaJetty] INFO  ninja.RouterImpl - POST /registerBowlModCompletion                    =>  controllers.BowlController.registerBowlModCompletion()
15:02:02.382 [NinjaJetty] INFO  ninja.RouterImpl - GET  /registerBowlModItem                          =>  controllers.BowlController.registerBowlModItem()
15:02:02.382 [NinjaJetty] INFO  ninja.RouterImpl - POST /registerBowlModItem                          =>  controllers.BowlController.registerBowlModItem()
15:02:02.383 [NinjaJetty] INFO  ninja.RouterImpl - POST /registerBowlModItemConfirmation              =>  controllers.BowlController.registerBowlModItemConfirmation()
15:02:02.383 [NinjaJetty] INFO  ninja.RouterImpl - POST /registerBowlModItemCompletion                =>  controllers.BowlController.registerBowlModItemCompletion()
15:02:02.383 [NinjaJetty] INFO  ninja.RouterImpl - GET  /superbowl/bowl                               =>  controllers.AbstractBowlController.listBowl()
15:02:02.386 [NinjaJetty] INFO  ninja.RouterImpl - GET  /superbowl/portfolioBowl                      =>  controllers.BowlController.portfolioBowl()
15:02:02.386 [NinjaJetty] INFO  ninja.RouterImpl - GET  /superbowl/editBowl                           =>  controllers.BowlController.editBowl()
15:02:02.386 [NinjaJetty] INFO  ninja.RouterImpl - GET  /superbowl/editBowlByStatusCode               =>  controllers.BowlController.editBowl()
15:02:02.386 [NinjaJetty] INFO  ninja.RouterImpl - POST /superbowl/editBowlConfirmation               =>  controllers.BowlController.editBowlConfirmation()
15:02:02.388 [NinjaJetty] INFO  ninja.RouterImpl - POST /superbowl/editBowlCompletion                 =>  controllers.BowlController.editBowlCompletion()
15:02:02.388 [NinjaJetty] INFO  ninja.RouterImpl - GET  /superbowl/updateBowl                         =>  controllers.BowlController.updateBowl()
15:02:02.388 [NinjaJetty] INFO  ninja.RouterImpl - POST /superbowl/updateBowlConfirmation             =>  controllers.BowlController.updateBowlConfirmation()
15:02:02.389 [NinjaJetty] INFO  ninja.RouterImpl - POST /superbowl/updateBowlCompletion               =>  controllers.BowlController.updateBowlCompletion()
15:02:02.389 [NinjaJetty] INFO  ninja.RouterImpl - GET  /superbowl/modifyBowl                         =>  controllers.BowlController.modifyBowl()
15:02:02.390 [NinjaJetty] INFO  ninja.RouterImpl - GET  /superbowl/registerBowl                       =>  controllers.BowlController.registerBowl()
15:02:02.392 [NinjaJetty] INFO  ninja.RouterImpl - POST /superbowl/registerBowl                       =>  controllers.BowlController.registerBowl()
15:02:02.392 [NinjaJetty] INFO  ninja.RouterImpl - GET  /superbowl/registerBowlByGeoRegionCode        =>  controllers.BowlController.registerBowlByGeoRegionCode()
15:02:02.393 [NinjaJetty] INFO  ninja.RouterImpl - GET  /superbowl/registerBowlByManufactureYear      =>  controllers.BowlController.registerBowlByManufactureYear()
15:02:02.393 [NinjaJetty] INFO  ninja.RouterImpl - GET  /superbowl/registerBowlByStatusCode           =>  controllers.BowlController.registerBowlByStatusCode()
15:02:02.394 [NinjaJetty] INFO  ninja.RouterImpl - GET  /superbowl/registerBowlByTimberCode           =>  controllers.BowlController.registerBowlByTimberCode()
15:02:02.394 [NinjaJetty] INFO  ninja.RouterImpl - POST /superbowl/registerBowlConfirmation           =>  controllers.BowlController.registerBowlConfirmation()
15:02:02.394 [NinjaJetty] INFO  ninja.RouterImpl - POST /superbowl/registerBowlCompletion             =>  controllers.BowlController.registerBowlCompletion()
15:02:02.394 [NinjaJetty] INFO  ninja.RouterImpl - GET  /superbowl/registerBowlMod                    =>  controllers.BowlController.registerBowlMod()
15:02:02.394 [NinjaJetty] INFO  ninja.RouterImpl - POST /superbowl/registerBowlMod                    =>  controllers.BowlController.registerBowlMod()
15:02:02.394 [NinjaJetty] INFO  ninja.RouterImpl - POST /superbowl/registerBowlModConfirmation        =>  controllers.BowlController.registerBowlModConfirmation()
15:02:02.394 [NinjaJetty] INFO  ninja.RouterImpl - POST /superbowl/registerBowlModCompletion          =>  controllers.BowlController.registerBowlModCompletion()
15:02:02.394 [NinjaJetty] INFO  ninja.RouterImpl - GET  /superbowl/registerBowlModItem                =>  controllers.BowlController.registerBowlModItem()
15:02:02.395 [NinjaJetty] INFO  ninja.RouterImpl - POST /superbowl/registerBowlModItem                =>  controllers.BowlController.registerBowlModItem()
15:02:02.395 [NinjaJetty] INFO  ninja.RouterImpl - POST /superbowl/registerBowlModItemConfirmation    =>  controllers.BowlController.registerBowlModItemConfirmation()
15:02:02.395 [NinjaJetty] INFO  ninja.RouterImpl - POST /superbowl/registerBowlModItemCompletion      =>  controllers.BowlController.registerBowlModItemCompletion()
15:02:02.395 [NinjaJetty] INFO  ninja.RouterImpl - GET  /customer                                     =>  controllers.CustomerController.list()
15:02:02.395 [NinjaJetty] INFO  ninja.RouterImpl - GET  /registerCustomer                             =>  controllers.CustomerController.registerCustomer()
15:02:02.395 [NinjaJetty] INFO  ninja.RouterImpl - POST /registerCustomer                             =>  controllers.CustomerController.registerCustomer()
15:02:02.395 [NinjaJetty] INFO  ninja.RouterImpl - POST /registerCustomerConfirmation                 =>  controllers.CustomerController.registerCustomerConfirmation()
15:02:02.395 [NinjaJetty] INFO  ninja.RouterImpl - POST /registerCustomerCompletion                   =>  controllers.CustomerController.registerCustomerCompletion()
15:02:02.395 [NinjaJetty] INFO  ninja.RouterImpl - GET  /superbowl/customer                           =>  controllers.CustomerController.list()
15:02:02.398 [NinjaJetty] INFO  ninja.RouterImpl - GET  /superbowl/registerCustomer                   =>  controllers.CustomerController.registerCustomer()
15:02:02.398 [NinjaJetty] INFO  ninja.RouterImpl - POST /superbowl/registerCustomer                   =>  controllers.CustomerController.registerCustomer()
15:02:02.399 [NinjaJetty] INFO  ninja.RouterImpl - POST /superbowl/registerCustomerConfirmation       =>  controllers.CustomerController.registerCustomerConfirmation()
15:02:02.400 [NinjaJetty] INFO  ninja.RouterImpl - POST /superbowl/registerCustomerCompletion         =>  controllers.CustomerController.registerCustomerCompletion()
15:02:02.402 [NinjaJetty] INFO  ninja.RouterImpl - GET  /exhibition                                   =>  controllers.ExhibitionController.list()
15:02:02.402 [NinjaJetty] INFO  ninja.RouterImpl - GET  /registerExhibition                           =>  controllers.ExhibitionController.registerExhibition()
15:02:02.411 [NinjaJetty] INFO  ninja.RouterImpl - POST /registerExhibition                           =>  controllers.ExhibitionController.registerExhibition()
15:02:02.412 [NinjaJetty] INFO  ninja.RouterImpl - POST /registerExhibitionConfirmation               =>  controllers.ExhibitionController.registerExhibitionConfirmation()
15:02:02.415 [NinjaJetty] INFO  ninja.RouterImpl - POST /registerExhibitionCompletion                 =>  controllers.ExhibitionController.registerExhibitionCompletion()
15:02:02.416 [NinjaJetty] INFO  ninja.RouterImpl - GET  /superbowl/exhibition                         =>  controllers.ExhibitionController.list()
15:02:02.416 [NinjaJetty] INFO  ninja.RouterImpl - GET  /superbowl/registerExhibition                 =>  controllers.ExhibitionController.registerExhibition()
15:02:02.416 [NinjaJetty] INFO  ninja.RouterImpl - POST /superbowl/registerExhibition                 =>  controllers.ExhibitionController.registerExhibition()
15:02:02.416 [NinjaJetty] INFO  ninja.RouterImpl - POST /superbowl/registerExhibitionConfirmation     =>  controllers.ExhibitionController.registerExhibitionConfirmation()
15:02:02.417 [NinjaJetty] INFO  ninja.RouterImpl - POST /superbowl/registerExhibitionCompletion       =>  controllers.ExhibitionController.registerExhibitionCompletion()
15:02:02.417 [NinjaJetty] INFO  ninja.RouterImpl - GET  /geoRegion                                    =>  controllers.GeoRegionController.list()
15:02:02.417 [NinjaJetty] INFO  ninja.RouterImpl - GET  /superbowl/geoRegion                          =>  controllers.GeoRegionController.list()
15:02:02.417 [NinjaJetty] INFO  ninja.RouterImpl - GET  /status                                       =>  controllers.StatusController.list()
15:02:02.418 [NinjaJetty] INFO  ninja.RouterImpl - GET  /registerStatus                               =>  controllers.StatusController.registerStatus()
15:02:02.418 [NinjaJetty] INFO  ninja.RouterImpl - POST /registerStatus                               =>  controllers.StatusController.registerStatus()
15:02:02.418 [NinjaJetty] INFO  ninja.RouterImpl - POST /registerStatusConfirmation                   =>  controllers.StatusController.registerStatusConfirmation()
15:02:02.418 [NinjaJetty] INFO  ninja.RouterImpl - POST /registerStatusCompletion                     =>  controllers.StatusController.registerStatusCompletion()
15:02:02.419 [NinjaJetty] INFO  ninja.RouterImpl - GET  /superbowl/status                             =>  controllers.StatusController.list()
15:02:02.419 [NinjaJetty] INFO  ninja.RouterImpl - GET  /superbowl/registerStatus                     =>  controllers.StatusController.registerStatus()
15:02:02.419 [NinjaJetty] INFO  ninja.RouterImpl - POST /superbowl/registerStatus                     =>  controllers.StatusController.registerStatus()
15:02:02.419 [NinjaJetty] INFO  ninja.RouterImpl - POST /superbowl/registerStatusConfirmation         =>  controllers.StatusController.registerStatusConfirmation()
15:02:02.420 [NinjaJetty] INFO  ninja.RouterImpl - POST /superbowl/registerStatusCompletion           =>  controllers.StatusController.registerStatusCompletion()
15:02:02.420 [NinjaJetty] INFO  ninja.RouterImpl - GET  /timber                                       =>  controllers.TimberController.list()
15:02:02.420 [NinjaJetty] INFO  ninja.RouterImpl - GET  /registerTimber                               =>  controllers.TimberController.registerTimber()
15:02:02.420 [NinjaJetty] INFO  ninja.RouterImpl - POST /registerTimber                               =>  controllers.TimberController.registerTimber()
15:02:02.421 [NinjaJetty] INFO  ninja.RouterImpl - POST /registerTimberConfirmation                   =>  controllers.TimberController.registerTimberConfirmation()
15:02:02.421 [NinjaJetty] INFO  ninja.RouterImpl - POST /registerTimberCompletion                     =>  controllers.TimberController.registerTimberCompletion()
15:02:02.421 [NinjaJetty] INFO  ninja.RouterImpl - GET  /superbowl/timber                             =>  controllers.TimberController.list()
15:02:02.421 [NinjaJetty] INFO  ninja.RouterImpl - GET  /superbowl/registerTimber                     =>  controllers.TimberController.registerTimber()
15:02:02.422 [NinjaJetty] INFO  ninja.RouterImpl - POST /superbowl/registerTimber                     =>  controllers.TimberController.registerTimber()
15:02:02.422 [NinjaJetty] INFO  ninja.RouterImpl - POST /superbowl/registerTimberConfirmation         =>  controllers.TimberController.registerTimberConfirmation()
15:02:02.422 [NinjaJetty] INFO  ninja.RouterImpl - POST /superbowl/registerTimberCompletion           =>  controllers.TimberController.registerTimberCompletion()
15:02:02.422 [NinjaJetty] INFO  ninja.RouterImpl - GET  /timberOrigin                                 =>  controllers.TimberOriginController.list()
15:02:02.422 [NinjaJetty] INFO  ninja.RouterImpl - GET  /registerTimberOrigin                         =>  controllers.TimberOriginController.registerTimberOrigin()
15:02:02.422 [NinjaJetty] INFO  ninja.RouterImpl - POST /registerTimberOrigin                         =>  controllers.TimberOriginController.registerTimberOrigin()
15:02:02.422 [NinjaJetty] INFO  ninja.RouterImpl - POST /registerTimberOriginConfirmation             =>  controllers.TimberOriginController.registerTimberOriginConfirmation()
15:02:02.423 [NinjaJetty] INFO  ninja.RouterImpl - POST /registerTimberOriginCompletion               =>  controllers.TimberOriginController.registerTimberOriginCompletion()
15:02:02.423 [NinjaJetty] INFO  ninja.RouterImpl - GET  /superbowl/timberOrigin                       =>  controllers.TimberOriginController.list()
15:02:02.423 [NinjaJetty] INFO  ninja.RouterImpl - GET  /superbowl/registerTimberOrigin               =>  controllers.TimberOriginController.registerTimberOrigin()
15:02:02.424 [NinjaJetty] INFO  ninja.RouterImpl - POST /superbowl/registerTimberOrigin               =>  controllers.TimberOriginController.registerTimberOrigin()
15:02:02.424 [NinjaJetty] INFO  ninja.RouterImpl - POST /superbowl/registerTimberOriginConfirmation   =>  controllers.TimberOriginController.registerTimberOriginConfirmation()
15:02:02.424 [NinjaJetty] INFO  ninja.RouterImpl - POST /superbowl/registerTimberOriginCompletion     =>  controllers.TimberOriginController.registerTimberOriginCompletion()
15:02:02.424 [NinjaJetty] INFO  ninja.RouterImpl - GET  /assets/webjars/{fileName: .*}                =>  ninja.AssetsController.serveWebJars()
15:02:02.424 [NinjaJetty] INFO  ninja.RouterImpl - GET  /assets/{fileName: .*}                        =>  ninja.AssetsController.serveStatic()
15:02:02.424 [NinjaJetty] INFO  ninja.RouterImpl - GET  /superbowl/setup                              =>  controllers.ApplicationController.setup()
15:02:02.425 [NinjaJetty] INFO  ninja.NinjaDefault - 
 _______  .___ _______        ____.  _____   
 \      \ |   |\      \      |    | /  _  \  
 /   |   \|   |/   |   \     |    |/  /_\  \ 
/    |    \   /    |    \/\__|    /    |    \  http://www.ninjaframework.org
\____|__  /___\____|__  /\________\____|__  /  @ninjaframework
     web\/framework   \/                  \/   6.0.0

15:02:02.426 [NinjaJetty] INFO  ninja.lifecycle.LifecycleServiceImpl - Starting Ninja application...
15:02:02.562 [NinjaJetty] WARN  o.hibernate.ejb.HibernatePersistence - HHH015016: Encountered a deprecated javax.persistence.spi.PersistenceProvider [org.hibernate.ejb.HibernatePersistence]; use [org.hibernate.jpa.HibernatePersistenceProvider] instead.
15:02:02.563 [NinjaJetty] WARN  o.hibernate.ejb.HibernatePersistence - HHH015016: Encountered a deprecated javax.persistence.spi.PersistenceProvider [org.hibernate.ejb.HibernatePersistence]; use [org.hibernate.jpa.HibernatePersistenceProvider] instead.
15:02:02.563 [NinjaJetty] WARN  o.hibernate.ejb.HibernatePersistence - HHH015016: Encountered a deprecated javax.persistence.spi.PersistenceProvider [org.hibernate.ejb.HibernatePersistence]; use [org.hibernate.jpa.HibernatePersistenceProvider] instead.
15:02:02.917 [NinjaJetty] INFO  o.h.jpa.internal.util.LogHelper - HHH000204: Processing PersistenceUnitInfo [
	name: superbowlDS
	...]
15:02:03.084 [NinjaJetty] INFO  org.hibernate.Version - HHH000412: Hibernate Core {4.3.8.Final}
15:02:03.088 [NinjaJetty] INFO  org.hibernate.cfg.Environment - HHH000206: hibernate.properties not found
15:02:03.091 [NinjaJetty] INFO  org.hibernate.cfg.Environment - HHH000021: Bytecode provider name : javassist
15:02:04.039 [NinjaJetty] INFO  o.h.annotations.common.Version - HCANN000001: Hibernate Commons Annotations {4.0.5.Final}
15:02:04.155 [NinjaJetty] INFO  o.h.c.i.C3P0ConnectionProvider - HHH010002: C3P0 using driver: com.mysql.jdbc.Driver at URL: jdbc:mysql://localhost:3306/superbowlDB
15:02:04.157 [NinjaJetty] INFO  o.h.c.i.C3P0ConnectionProvider - HHH000046: Connection properties: {user=superbowl, password=****}
15:02:04.159 [NinjaJetty] INFO  o.h.c.i.C3P0ConnectionProvider - HHH000006: Autocommit mode: false
15:02:04.248 [NinjaJetty] INFO  com.mchange.v2.log.MLog - MLog clients using log4j logging.
15:02:04.461 [NinjaJetty] INFO  com.mchange.v2.c3p0.C3P0Registry - Initializing c3p0-0.9.2.1 [built 20-March-2013 10:47:27 +0000; debug? true; trace: 10]
15:02:04.692 [NinjaJetty] INFO  c.m.v.c.i.AbstractPoolBackedDataSource - Initializing c3p0 pool... com.mchange.v2.c3p0.PoolBackedDataSource@79e6cd76 [ connectionPoolDataSource -> com.mchange.v2.c3p0.WrapperConnectionPoolDataSource@6b360ef0 [ acquireIncrement -> 1, acquireRetryAttempts -> 30, acquireRetryDelay -> 1000, autoCommitOnClose -> false, automaticTestTable -> null, breakAfterAcquireFailure -> false, checkoutTimeout -> 0, connectionCustomizerClassName -> null, connectionTesterClassName -> com.mchange.v2.c3p0.impl.DefaultConnectionTester, debugUnreturnedConnectionStackTraces -> false, factoryClassLocation -> null, forceIgnoreUnresolvedTransactions -> false, identityToken -> z8kfsx9wp9tx5l3dq1mr|9b5fb1, idleConnectionTestPeriod -> 2000, initialPoolSize -> 5, maxAdministrativeTaskTime -> 0, maxConnectionAge -> 0, maxIdleTime -> 500, maxIdleTimeExcessConnections -> 0, maxPoolSize -> 20, maxStatements -> 50, maxStatementsPerConnection -> 0, minPoolSize -> 5, nestedDataSource -> com.mchange.v2.c3p0.DriverManagerDataSource@21126e2a [ description -> null, driverClass -> null, factoryClassLocation -> null, identityToken -> z8kfsx9wp9tx5l3dq1mr|f22995, jdbcUrl -> jdbc:mysql://localhost:3306/superbowlDB, properties -> {user=******, password=******} ], preferredTestQuery -> null, propertyCycle -> 0, statementCacheNumDeferredCloseThreads -> 0, testConnectionOnCheckin -> false, testConnectionOnCheckout -> false, unreturnedConnectionTimeout -> 0, usesTraditionalReflectiveProxies -> false; userOverrides: {} ], dataSourceName -> null, factoryClassLocation -> null, identityToken -> z8kfsx9wp9tx5l3dq1mr|209d93, numHelperThreads -> 3 ]
15:02:05.619 [NinjaJetty] INFO  org.hibernate.dialect.Dialect - HHH000400: Using dialect: org.hibernate.dialect.MySQLDialect
15:02:05.635 [NinjaJetty] INFO  o.h.e.j.internal.LobCreatorBuilder - HHH000424: Disabling contextual LOB creation as createClob() method threw error : java.lang.reflect.InvocationTargetException
15:02:06.109 [NinjaJetty] INFO  o.h.h.i.a.ASTQueryTranslatorFactory - HHH000397: Using ASTQueryTranslatorFactory
15:02:06.233 [NinjaJetty] INFO  o.h.validator.internal.util.Version - HV000001: Hibernate Validator 4.3.1.Final
15:02:07.462 [NinjaJetty] INFO  o.h.tool.hbm2ddl.SchemaUpdate - HHH000228: Running hbm2ddl schema update
15:02:07.463 [NinjaJetty] INFO  o.h.tool.hbm2ddl.SchemaUpdate - HHH000102: Fetching database metadata
15:02:07.472 [NinjaJetty] INFO  o.h.tool.hbm2ddl.SchemaUpdate - HHH000396: Updating schema
15:02:07.511 [NinjaJetty] INFO  o.h.tool.hbm2ddl.TableMetadata - HHH000261: Table found: superbowlDB.BotanicSystem
15:02:07.512 [NinjaJetty] INFO  o.h.tool.hbm2ddl.TableMetadata - HHH000037: Columns: [bs_id, bs_family, bs_subfamily_index, bs_version, bs_subfamily, bs_ordinal, bs_family_index, bs_order, bs_order_index]
15:02:07.512 [NinjaJetty] INFO  o.h.tool.hbm2ddl.TableMetadata - HHH000108: Foreign keys: []
15:02:07.513 [NinjaJetty] INFO  o.h.tool.hbm2ddl.TableMetadata - HHH000126: Indexes: [idx_bs_ordinal, primary]
15:02:07.568 [NinjaJetty] INFO  o.h.tool.hbm2ddl.TableMetadata - HHH000261: Table found: superbowlDB.Bowl
15:02:07.569 [NinjaJetty] INFO  o.h.tool.hbm2ddl.TableMetadata - HHH000037: Columns: [bowl_comment, bowl_exhibition_id, bowl_status_id, bowl_sales_location, bowl_version, bowl_timberorigin_id, bowl_timber_id, bowl_sales_price, bowl_imagename, bowl_id, bowl_sales_date, bowl_index, bowl_customer_id, bowl_manufacture_id, bowl_price, bowl_ordinal]
15:02:07.569 [NinjaJetty] INFO  o.h.tool.hbm2ddl.TableMetadata - HHH000108: Foreign keys: [bowl_ibfk_4, bowl_ibfk_5, bowl_ibfk_6, bowl_ibfk_1, bowl_ibfk_2, bowl_ibfk_3]
15:02:07.570 [NinjaJetty] INFO  o.h.tool.hbm2ddl.TableMetadata - HHH000126: Indexes: [idx_bowl_status, idx_bowl_timberorigin, idx_bowl_customer, idx_bowl_manufacture, idx_bowl_exhibition, idx_bowl_timber, idx_bowl, primary]
15:02:07.639 [NinjaJetty] INFO  o.h.tool.hbm2ddl.TableMetadata - HHH000261: Table found: superbowlDB.BowlMod
15:02:07.640 [NinjaJetty] INFO  o.h.tool.hbm2ddl.TableMetadata - HHH000037: Columns: [bm_height, bm_version, bm_recess, bm_surface, bm_wallthickness_min, bm_granulation, bm_tap, bm_date, bm_diameter, bm_bms_id, bm_wallthickness_max, bm_id, bm_bowl_id, bm_comment]
15:02:07.640 [NinjaJetty] INFO  o.h.tool.hbm2ddl.TableMetadata - HHH000108: Foreign keys: [bowlmod_ibfk_1, bowlmod_ibfk_2]
15:02:07.640 [NinjaJetty] INFO  o.h.tool.hbm2ddl.TableMetadata - HHH000126: Indexes: [idx_bm_bms, idx_bm_bowl, primary]
15:02:07.666 [NinjaJetty] INFO  o.h.tool.hbm2ddl.TableMetadata - HHH000261: Table found: superbowlDB.BowlModItem
15:02:07.679 [NinjaJetty] INFO  o.h.tool.hbm2ddl.TableMetadata - HHH000037: Columns: [bmi_id, bmi_version, bmi_moisture, bmi_weight, bmi_text, bmi_bm_id, bmi_date]
15:02:07.680 [NinjaJetty] INFO  o.h.tool.hbm2ddl.TableMetadata - HHH000108: Foreign keys: [bowlmoditem_ibfk_1]
15:02:07.680 [NinjaJetty] INFO  o.h.tool.hbm2ddl.TableMetadata - HHH000126: Indexes: [idx_bmi_bm, primary]
15:02:07.698 [NinjaJetty] INFO  o.h.tool.hbm2ddl.TableMetadata - HHH000261: Table found: superbowlDB.BowlModJoined
15:02:07.699 [NinjaJetty] INFO  o.h.tool.hbm2ddl.TableMetadata - HHH000037: Columns: [bowlmodjoined_id, bowlmodjoined_surface, bowlmodjoined_bowlmod_version, bowlmodjoined_bowlmodstep_id, bowlmodjoined_version, bowlmodjoined_wallthickness_max, bowlmodjoined_date, bowlmodjoined_item_bowlmod_id, bowlmodjoined_tap, bowlmodjoined_granulation, bowlmodjoined_height, bowlmodjoined_item_date, bowlmodjoined_recess, bowlmodjoined_bowlmod_id, bowlmodjoined_item_weight, bowlmodjoined_item_text, bowlmodjoined_bowl_id, bowlmodjoined_item_moisture, bowlmodjoined_comment, bowlmodjoined_diameter, bowlmodjoined_wallthickness_min, bowlmodjoined_item_id, bowlmodjoined_item_version]
15:02:07.699 [NinjaJetty] INFO  o.h.tool.hbm2ddl.TableMetadata - HHH000108: Foreign keys: []
15:02:07.699 [NinjaJetty] INFO  o.h.tool.hbm2ddl.TableMetadata - HHH000126: Indexes: [primary]
15:02:07.727 [NinjaJetty] INFO  o.h.tool.hbm2ddl.TableMetadata - HHH000261: Table found: superbowlDB.BowlModStep
15:02:07.727 [NinjaJetty] INFO  o.h.tool.hbm2ddl.TableMetadata - HHH000037: Columns: [bms_id, bms_version, bms_code, bms_name, bms_index, bms_comment]
15:02:07.727 [NinjaJetty] INFO  o.h.tool.hbm2ddl.TableMetadata - HHH000108: Foreign keys: []
15:02:07.727 [NinjaJetty] INFO  o.h.tool.hbm2ddl.TableMetadata - HHH000126: Indexes: [primary]
15:02:07.751 [NinjaJetty] INFO  o.h.tool.hbm2ddl.TableMetadata - HHH000261: Table found: superbowlDB.Customer
15:02:07.752 [NinjaJetty] INFO  o.h.tool.hbm2ddl.TableMetadata - HHH000037: Columns: [customer_salutation, customer_mobile, customer_country, customer_givenname, customer_phone, customer_countrycode, customer_housenumber, customer_familyname, customer_street, customer_fax, customer_index, customer_zipcode, customer_email, customer_version, customer_id, customer_comment, customer_graduation, customer_city]
15:02:07.752 [NinjaJetty] INFO  o.h.tool.hbm2ddl.TableMetadata - HHH000108: Foreign keys: []
15:02:07.752 [NinjaJetty] INFO  o.h.tool.hbm2ddl.TableMetadata - HHH000126: Indexes: [idx_customer_email, idx_customer_familyname, primary]
15:02:07.771 [NinjaJetty] INFO  o.h.tool.hbm2ddl.TableMetadata - HHH000261: Table found: superbowlDB.Exhibition
15:02:07.771 [NinjaJetty] INFO  o.h.tool.hbm2ddl.TableMetadata - HHH000037: Columns: [exhibition_country, exhibition_date_from, exhibition_city, exhibition_name, exhibition_id, exhibition_institution, exhibition_year, exhibition_date_to, exhibition_comment, exhibition_version, exhibition_index]
15:02:07.772 [NinjaJetty] INFO  o.h.tool.hbm2ddl.TableMetadata - HHH000108: Foreign keys: []
15:02:07.773 [NinjaJetty] INFO  o.h.tool.hbm2ddl.TableMetadata - HHH000126: Indexes: [primary]
15:02:07.780 [NinjaJetty] INFO  o.h.tool.hbm2ddl.TableMetadata - HHH000261: Table found: superbowlDB.GeoRegion
15:02:07.780 [NinjaJetty] INFO  o.h.tool.hbm2ddl.TableMetadata - HHH000037: Columns: [gr_code, gr_name, gr_index, gr_ordinal, gr_version, gr_region, gr_id]
15:02:07.781 [NinjaJetty] INFO  o.h.tool.hbm2ddl.TableMetadata - HHH000108: Foreign keys: []
15:02:07.781 [NinjaJetty] INFO  o.h.tool.hbm2ddl.TableMetadata - HHH000126: Indexes: [georegion_region_idx, primary]
15:02:07.788 [NinjaJetty] INFO  o.h.tool.hbm2ddl.TableMetadata - HHH000261: Table found: superbowlDB.Manufacture
15:02:07.788 [NinjaJetty] INFO  o.h.tool.hbm2ddl.TableMetadata - HHH000037: Columns: [manu_version, manu_index, manu_id, manu_year]
15:02:07.788 [NinjaJetty] INFO  o.h.tool.hbm2ddl.TableMetadata - HHH000108: Foreign keys: []
15:02:07.789 [NinjaJetty] INFO  o.h.tool.hbm2ddl.TableMetadata - HHH000126: Indexes: [primary]
15:02:07.804 [NinjaJetty] INFO  o.h.tool.hbm2ddl.TableMetadata - HHH000261: Table found: superbowlDB.Roadmap
15:02:07.805 [NinjaJetty] INFO  o.h.tool.hbm2ddl.TableMetadata - HHH000037: Columns: [roadmap_id, roadmap_feature, roadmap_version, roadmap_status, roadmap_versionnumber, roadmap_comment]
15:02:07.805 [NinjaJetty] INFO  o.h.tool.hbm2ddl.TableMetadata - HHH000108: Foreign keys: []
15:02:07.806 [NinjaJetty] INFO  o.h.tool.hbm2ddl.TableMetadata - HHH000126: Indexes: [primary]
15:02:07.849 [NinjaJetty] INFO  o.h.tool.hbm2ddl.TableMetadata - HHH000261: Table found: superbowlDB.Sales
15:02:07.850 [NinjaJetty] INFO  o.h.tool.hbm2ddl.TableMetadata - HHH000037: Columns: [sales_customer_id, sales_date, sales_version, sales_comment, sales_price, sales_id, sales_location, sales_bowl_id]
15:02:07.861 [NinjaJetty] INFO  o.h.tool.hbm2ddl.TableMetadata - HHH000108: Foreign keys: [fk_biu8k4to3bdyqapo1opdxgdar, fk_6jp4vfmr7chcjho0jewmpm041]
15:02:07.862 [NinjaJetty] INFO  o.h.tool.hbm2ddl.TableMetadata - HHH000126: Indexes: [fk_biu8k4to3bdyqapo1opdxgdar, fk_6jp4vfmr7chcjho0jewmpm041, primary]
15:02:07.900 [NinjaJetty] INFO  o.h.tool.hbm2ddl.TableMetadata - HHH000261: Table found: superbowlDB.Setting
15:02:07.901 [NinjaJetty] INFO  o.h.tool.hbm2ddl.TableMetadata - HHH000037: Columns: [setting_version, setting_param_name, setting_param_value, setting_comment, setting_id]
15:02:07.901 [NinjaJetty] INFO  o.h.tool.hbm2ddl.TableMetadata - HHH000108: Foreign keys: []
15:02:07.901 [NinjaJetty] INFO  o.h.tool.hbm2ddl.TableMetadata - HHH000126: Indexes: [primary]
15:02:07.960 [NinjaJetty] INFO  o.h.tool.hbm2ddl.TableMetadata - HHH000261: Table found: superbowlDB.Software
15:02:07.972 [NinjaJetty] INFO  o.h.tool.hbm2ddl.TableMetadata - HHH000037: Columns: [software_vendor, software_id, software_description, software_versionnumber, software_type, software_version, software_name, software_url]
15:02:07.972 [NinjaJetty] INFO  o.h.tool.hbm2ddl.TableMetadata - HHH000108: Foreign keys: []
15:02:07.972 [NinjaJetty] INFO  o.h.tool.hbm2ddl.TableMetadata - HHH000126: Indexes: [idx_software_vendor, primary]
15:02:08.024 [NinjaJetty] INFO  o.h.tool.hbm2ddl.TableMetadata - HHH000261: Table found: superbowlDB.Status
15:02:08.024 [NinjaJetty] INFO  o.h.tool.hbm2ddl.TableMetadata - HHH000037: Columns: [status_id, status_code, status_index, status_comment, status_text, status_version]
15:02:08.024 [NinjaJetty] INFO  o.h.tool.hbm2ddl.TableMetadata - HHH000108: Foreign keys: []
15:02:08.024 [NinjaJetty] INFO  o.h.tool.hbm2ddl.TableMetadata - HHH000126: Indexes: [primary]
15:02:08.086 [NinjaJetty] INFO  o.h.tool.hbm2ddl.TableMetadata - HHH000261: Table found: superbowlDB.Subuser
15:02:08.086 [NinjaJetty] INFO  o.h.tool.hbm2ddl.TableMetadata - HHH000037: Columns: [subuser_userid, subuser_lastlogout, subuser_username, subuser_logincount, subuser_lastlogin, subuser_locked, subuser_email, subuser_id, subuser_password, subuser_version]
15:02:08.087 [NinjaJetty] INFO  o.h.tool.hbm2ddl.TableMetadata - HHH000108: Foreign keys: []
15:02:08.087 [NinjaJetty] INFO  o.h.tool.hbm2ddl.TableMetadata - HHH000126: Indexes: [idx_subuser_username, idx_subuser_email, idx_subuser_userid, primary]
15:02:08.110 [NinjaJetty] INFO  o.h.tool.hbm2ddl.TableMetadata - HHH000261: Table found: superbowlDB.Timber
15:02:08.111 [NinjaJetty] INFO  o.h.tool.hbm2ddl.TableMetadata - HHH000037: Columns: [timber_bending_strength, timber_burst_strength, timber_id, timber_type, timber_tangent_shrinkage, timber_code, timber_brinell_hardness2, timber_brinell_hardness1, timber_radial_shrinkage, timber_imagename, timber_botanicsystem_id, timber_name, timber_index, timber_tensile_strength, timber_academicname, timber_version, timber_shear_strength, timber_gross_density, timber_georegion_id]
15:02:08.111 [NinjaJetty] INFO  o.h.tool.hbm2ddl.TableMetadata - HHH000108: Foreign keys: [timber_ibfk_1, timber_ibfk_2]
15:02:08.111 [NinjaJetty] INFO  o.h.tool.hbm2ddl.TableMetadata - HHH000126: Indexes: [idx_timber_botanicsystem, idx_timber_name, idx_timber_georegion, primary]
15:02:08.125 [NinjaJetty] INFO  o.h.tool.hbm2ddl.TableMetadata - HHH000261: Table found: superbowlDB.TimberOrigin
15:02:08.126 [NinjaJetty] INFO  o.h.tool.hbm2ddl.TableMetadata - HHH000037: Columns: [to_location_text, to_timber_id, to_comment, to_location, to_cutdown, to_id, to_city, to_version, to_index]
15:02:08.126 [NinjaJetty] INFO  o.h.tool.hbm2ddl.TableMetadata - HHH000108: Foreign keys: [timberorigin_ibfk_1]
15:02:08.126 [NinjaJetty] INFO  o.h.tool.hbm2ddl.TableMetadata - HHH000126: Indexes: [idx_to_location, idx_to_timber, idx_to_city, primary]
15:02:08.128 [NinjaJetty] INFO  o.h.tool.hbm2ddl.SchemaUpdate - HHH000232: Schema update complete
15:02:08.295 [NinjaJetty] WARN  Ninja - StartupActions:generateDummyDataWhenInTest -> ninjaProperties.isDev() : true
15:02:08.296 [NinjaJetty] WARN  Ninja - StartupActions:generateDummyDataWhenInTest -> ninjaProperties.isProd(): false
15:02:08.296 [NinjaJetty] WARN  Ninja - StartupActions:generateDummyDataWhenInTest -> ninjaProperties.isTest(): false
15:02:08.297 [NinjaJetty] INFO  ninja.lifecycle.LifecycleServiceImpl - Ninja application started in 5871ms
15:02:08.301 [NinjaJetty] INFO  o.e.j.server.handler.ContextHandler - Started o.e.j.s.ServletContextHandler@cc183e{/,null,AVAILABLE}
15:02:08.353 [NinjaJetty] INFO  o.e.jetty.server.AbstractConnector - Started ServerConnector@10355af{HTTP/1.1,[http/1.1]}{0.0.0.0:8090}
15:02:08.354 [NinjaJetty] INFO  org.eclipse.jetty.server.Server - Started @11855ms
15:02:08.354 [NinjaJetty] INFO  ninja.standalone.NinjaJetty - Started jetty v9.3.11.v20160721 on <all>:8090
15:02:08.366 [NinjaJetty] INFO  ninja.standalone.NinjaJetty - -------------------------------------------------------
15:02:08.366 [NinjaJetty] INFO  ninja.standalone.NinjaJetty - Ninja application running at
15:02:08.366 [NinjaJetty] INFO  ninja.standalone.NinjaJetty -  => http://localhost:8090
15:02:08.366 [NinjaJetty] INFO  ninja.standalone.NinjaJetty - -------------------------------------------------------
15:02:19.800 [qtp15209093-11] INFO  Ninja - ApplicationController.index(context) 
15:02:19.800 [qtp15209093-11] INFO  Ninja - ApplicationController -> ContextPath (Ninja Properties): 
15:02:19.801 [qtp15209093-11] INFO  Ninja - ApplicationController -> ContextPath (Context).........: 
15:02:38.885 [qtp15209093-15] INFO  Ninja - 14 GeoRegion instance(s) found in data store!
15:02:54.406 [qtp15209093-15] INFO  Ninja - 239 Timber instance(s) found in data store!
15:03:09.293 [qtp15209093-12] INFO  Ninja - No TimberOrigin instance found in data store!
15:03:22.769 [qtp15209093-13] INFO  Ninja - No Bowl instance found in data store!
15:03:35.651 [qtp15209093-14] INFO  Ninja - 25 Roadmap instance(s) found in data store!
15:04:47.156 [Thread-15] INFO  ninja.lifecycle.LifecycleServiceImpl - Stopping Ninja application...
15:04:47.214 [Thread-15] INFO  ninja.lifecycle.LifecycleServiceImpl - Ninja application stopped in 58ms
15:04:47.215 [Thread-15] INFO  o.e.j.server.handler.ContextHandler - Stopped o.e.j.s.ServletContextHandler@cc183e{/,null,UNAVAILABLE}
15:04:47.215 [Thread-15] INFO  ninja.standalone.NinjaJetty - Trying to stop jetty on <all>:8090
15:04:47.238 [Thread-15] INFO  o.e.jetty.server.AbstractConnector - Stopped ServerConnector@10355af{HTTP/1.1,[http/1.1]}{0.0.0.0:8090}
15:04:47.244 [Thread-15] INFO  ninja.standalone.NinjaJetty - Stopped jetty on <all>:8090
